-------------------------------------------------------------------------------
Test set: com.lab11.Lab11ApplicationTests
-------------------------------------------------------------------------------
Tests run: 1, Failures: 0, Errors: 1, Skipped: 0, Time elapsed: 1.177 s <<< FAILURE! - in com.lab11.Lab11ApplicationTests
contextLoads  Time elapsed: 0.006 s  <<< ERROR!
java.lang.IllegalStateException: Failed to load ApplicationContext for [WebMergedContextConfiguration@77e7246b testClass = com.lab11.Lab11ApplicationTests, locations = [], classes = [com.lab11.Lab11Application], contextInitializerClasses = [], activeProfiles = [], propertySourceLocations = [], propertySourceProperties = ["org.springframework.boot.test.context.SpringBootTestContextBootstrapper=true"], contextCustomizers = [org.springframework.boot.test.context.filter.ExcludeFilterContextCustomizer@54bff557, org.springframework.boot.test.json.DuplicateJsonObjectContextCustomizerFactory$DuplicateJsonObjectContextCustomizer@5b03b9fe, org.springframework.boot.test.mock.mockito.MockitoContextCustomizer@0, org.springframework.boot.test.web.client.TestRestTemplateContextCustomizer@7bab3f1a, org.springframework.boot.test.autoconfigure.actuate.observability.ObservabilityContextCustomizerFactory$DisableObservabilityContextCustomizer@9da1, org.springframework.boot.test.autoconfigure.properties.PropertyMappingContextCustomizer@0, org.springframework.boot.test.autoconfigure.web.servlet.WebDriverContextCustomizerFactory$Customizer@7db12bb6, org.springframework.boot.test.context.SpringBootTestAnnotation@ff2c2b2], resourceBasePath = "src/main/webapp", contextLoader = org.springframework.boot.test.context.SpringBootContextLoader, parent = null]
Caused by: org.springframework.beans.factory.UnsatisfiedDependencyException: Error creating bean with name 'gameController' defined in file [C:\Users\Elias\Desktop\Facultate\An II Sem 2\JAVA\Lab11\target\classes\com\lab11\player\Game\GameController.class]: Unsatisfied dependency expressed through constructor parameter 0: No qualifying bean of type 'com.lab11.player.Game.GameService' available: expected at least 1 bean which qualifies as autowire candidate. Dependency annotations: {}
Caused by: org.springframework.beans.factory.NoSuchBeanDefinitionException: No qualifying bean of type 'com.lab11.player.Game.GameService' available: expected at least 1 bean which qualifies as autowire candidate. Dependency annotations: {}

